2023-01-04 12:36:26.8435 Info Message Template Auto Format enabled
2023-01-04 12:36:27.0337 Info Registered target NLog.Targets.FileTarget(Name=logfile)
2023-01-04 12:36:27.0337 Info Registered target NLog.Targets.ConsoleTarget(Name=logconsole)
2023-01-04 12:36:27.0614 Info Validating config: TargetNames=logfile, logconsole, ConfigItems=25, FilePath=C:\Users\GamerVII\source\repos\Tasko-Backend\Tasko.Logger\NLog.config
2023-01-04 12:40:09.1818 Info Message Template Auto Format enabled
2023-01-04 12:40:09.3132 Info Registered target NLog.Targets.FileTarget(Name=logfile)
2023-01-04 12:40:09.3132 Info Registered target NLog.Targets.ConsoleTarget(Name=logconsole)
2023-01-04 12:40:09.3368 Info Validating config: TargetNames=logfile, logconsole, ConfigItems=25, FilePath=C:\Users\GamerVII\source\repos\Tasko-Backend\Tasko.Logger\NLog.config
2023-01-04 12:57:07.4488 Info Message Template Auto Format enabled
2023-01-04 12:57:07.6737 Info Registered target NLog.Targets.FileTarget(Name=logfile)
2023-01-04 12:57:07.6737 Info Registered target NLog.Targets.ConsoleTarget(Name=logconsole)
2023-01-04 12:57:07.6978 Info Validating config: TargetNames=logfile, logconsole, ConfigItems=25, FilePath=C:\Users\GamerVII\source\repos\Tasko-Backend\Tasko.Logger\NLog.config
2023-01-04 12:57:58.5019 Info Message Template Auto Format enabled
2023-01-04 12:57:58.6371 Info Registered target NLog.Targets.FileTarget(Name=logfile)
2023-01-04 12:57:58.6371 Info Registered target NLog.Targets.ConsoleTarget(Name=logconsole)
2023-01-04 12:57:58.6589 Info Validating config: TargetNames=logfile, logconsole, ConfigItems=25, FilePath=C:\Users\GamerVII\source\repos\Tasko-Backend\Tasko.Logger\NLog.config
2023-01-04 13:02:51.4710 Info Message Template Auto Format enabled
2023-01-04 13:02:51.6459 Info Registered target NLog.Targets.FileTarget(Name=logfile)
2023-01-04 13:02:51.6459 Info Registered target NLog.Targets.ConsoleTarget(Name=logconsole)
2023-01-04 13:02:51.6717 Info Validating config: TargetNames=logfile, logconsole, ConfigItems=25, FilePath=C:\Users\GamerVII\source\repos\Tasko-Backend\Tasko.Logger\NLog.config
2023-01-04 13:05:02.3320 Info Message Template Auto Format enabled
2023-01-04 13:05:02.4620 Info Registered target NLog.Targets.FileTarget(Name=logfile)
2023-01-04 13:05:02.4620 Info Registered target NLog.Targets.ConsoleTarget(Name=logconsole)
2023-01-04 13:05:02.4833 Info Validating config: TargetNames=logfile, logconsole, ConfigItems=25, FilePath=C:\Users\GamerVII\source\repos\Tasko-Backend\Tasko.Logger\NLog.config
2023-01-04 13:10:22.5443 Info Message Template Auto Format enabled
2023-01-04 13:10:22.6818 Info Registered target NLog.Targets.FileTarget(Name=logfile)
2023-01-04 13:10:22.6818 Info Registered target NLog.Targets.ConsoleTarget(Name=logconsole)
2023-01-04 13:10:22.7053 Info Validating config: TargetNames=logfile, logconsole, ConfigItems=25, FilePath=C:\Users\GamerVII\source\repos\Tasko-Backend\Tasko.Logger\NLog.config
2023-01-04 13:42:24.4909 Info Message Template Auto Format enabled
2023-01-04 13:42:24.6338 Info Registered target NLog.Targets.FileTarget(Name=logfile)
2023-01-04 13:42:24.6338 Info Registered target NLog.Targets.ConsoleTarget(Name=logconsole)
2023-01-04 13:42:24.6591 Info Validating config: TargetNames=logfile, logconsole, ConfigItems=25, FilePath=C:\Users\GamerVII\source\repos\Tasko-Backend\Tasko.Logger\NLog.config
2023-01-05 15:05:50.3941 Info Message Template Auto Format enabled
2023-01-05 15:05:50.4939 Info Registered target NLog.Targets.FileTarget(Name=logfile)
2023-01-05 15:05:50.4939 Info Registered target NLog.Targets.ConsoleTarget(Name=logconsole)
2023-01-05 15:05:50.5125 Info Validating config: TargetNames=logfile, logconsole, ConfigItems=25, FilePath=C:\Users\GamerVII\source\repos\Tasko-Backend\Tasko.Logger\NLog.config
2023-01-05 15:07:37.1987 Info Message Template Auto Format enabled
2023-01-05 15:07:37.3082 Info Registered target NLog.Targets.FileTarget(Name=logfile)
2023-01-05 15:07:37.3082 Info Registered target NLog.Targets.ConsoleTarget(Name=logconsole)
2023-01-05 15:07:37.3276 Info Validating config: TargetNames=logfile, logconsole, ConfigItems=25, FilePath=C:\Users\GamerVII\source\repos\Tasko-Backend\Tasko.Logger\NLog.config
2023-01-05 15:08:29.6113 Info Message Template Auto Format enabled
2023-01-05 15:08:29.7085 Info Registered target NLog.Targets.FileTarget(Name=logfile)
2023-01-05 15:08:29.7085 Info Registered target NLog.Targets.ConsoleTarget(Name=logconsole)
2023-01-05 15:08:29.7284 Info Validating config: TargetNames=logfile, logconsole, ConfigItems=25, FilePath=C:\Users\GamerVII\source\repos\Tasko-Backend\Tasko.Logger\NLog.config
2023-01-05 15:09:39.7121 Info Message Template Auto Format enabled
2023-01-05 15:09:39.8153 Info Registered target NLog.Targets.FileTarget(Name=logfile)
2023-01-05 15:09:39.8153 Info Registered target NLog.Targets.ConsoleTarget(Name=logconsole)
2023-01-05 15:09:39.8348 Info Validating config: TargetNames=logfile, logconsole, ConfigItems=25, FilePath=C:\Users\GamerVII\source\repos\Tasko-Backend\Tasko.Logger\NLog.config
2023-01-05 15:10:26.8955 Info Message Template Auto Format enabled
2023-01-05 15:10:26.9944 Info Registered target NLog.Targets.FileTarget(Name=logfile)
2023-01-05 15:10:26.9944 Info Registered target NLog.Targets.ConsoleTarget(Name=logconsole)
2023-01-05 15:10:27.0124 Info Validating config: TargetNames=logfile, logconsole, ConfigItems=25, FilePath=C:\Users\GamerVII\source\repos\Tasko-Backend\Tasko.Logger\NLog.config
2023-01-05 15:10:59.6390 Info Message Template Auto Format enabled
2023-01-05 15:10:59.7572 Info Registered target NLog.Targets.FileTarget(Name=logfile)
2023-01-05 15:10:59.7598 Info Registered target NLog.Targets.ConsoleTarget(Name=logconsole)
2023-01-05 15:10:59.7789 Info Validating config: TargetNames=logfile, logconsole, ConfigItems=25, FilePath=C:\Users\GamerVII\source\repos\Tasko-Backend\Tasko.Logger\NLog.config
2023-01-05 15:11:27.0777 Info Message Template Auto Format enabled
2023-01-05 15:11:27.1851 Info Registered target NLog.Targets.FileTarget(Name=logfile)
2023-01-05 15:11:27.1851 Info Registered target NLog.Targets.ConsoleTarget(Name=logconsole)
2023-01-05 15:11:27.2061 Info Validating config: TargetNames=logfile, logconsole, ConfigItems=25, FilePath=C:\Users\GamerVII\source\repos\Tasko-Backend\Tasko.Logger\NLog.config
2023-01-05 15:12:25.3724 Info Message Template Auto Format enabled
2023-01-05 15:12:25.4704 Info Registered target NLog.Targets.FileTarget(Name=logfile)
2023-01-05 15:12:25.4704 Info Registered target NLog.Targets.ConsoleTarget(Name=logconsole)
2023-01-05 15:12:25.4883 Info Validating config: TargetNames=logfile, logconsole, ConfigItems=25, FilePath=C:\Users\GamerVII\source\repos\Tasko-Backend\Tasko.Logger\NLog.config
2023-01-05 15:15:14.7773 Info Message Template Auto Format enabled
2023-01-05 15:15:14.8845 Info Registered target NLog.Targets.FileTarget(Name=logfile)
2023-01-05 15:15:14.8845 Info Registered target NLog.Targets.ConsoleTarget(Name=logconsole)
2023-01-05 15:15:14.9028 Info Validating config: TargetNames=logfile, logconsole, ConfigItems=25, FilePath=C:\Users\GamerVII\source\repos\Tasko-Backend\Tasko.Logger\NLog.config
2023-01-05 15:16:37.3654 Info Message Template Auto Format enabled
2023-01-05 15:16:37.4687 Info Registered target NLog.Targets.FileTarget(Name=logfile)
2023-01-05 15:16:37.4687 Info Registered target NLog.Targets.ConsoleTarget(Name=logconsole)
2023-01-05 15:16:37.4887 Info Validating config: TargetNames=logfile, logconsole, ConfigItems=25, FilePath=C:\Users\GamerVII\source\repos\Tasko-Backend\Tasko.Logger\NLog.config
2023-01-05 15:27:33.0653 Info Message Template Auto Format enabled
2023-01-05 15:27:33.1656 Info Registered target NLog.Targets.FileTarget(Name=logfile)
2023-01-05 15:27:33.1656 Info Registered target NLog.Targets.ConsoleTarget(Name=logconsole)
2023-01-05 15:27:33.1840 Info Validating config: TargetNames=logfile, logconsole, ConfigItems=25, FilePath=C:\Users\GamerVII\source\repos\Tasko-Backend\Tasko.Logger\NLog.config
2023-01-05 15:32:05.8013 Info Message Template Auto Format enabled
2023-01-05 15:32:05.9155 Info Registered target NLog.Targets.FileTarget(Name=logfile)
2023-01-05 15:32:05.9155 Info Registered target NLog.Targets.ConsoleTarget(Name=logconsole)
2023-01-05 15:32:05.9446 Info Validating config: TargetNames=logfile, logconsole, ConfigItems=25, FilePath=C:\Users\GamerVII\source\repos\Tasko-Backend\Tasko.Logger\NLog.config
2023-01-05 15:32:39.1509 Info Message Template Auto Format enabled
2023-01-05 15:32:39.2626 Info Registered target NLog.Targets.FileTarget(Name=logfile)
2023-01-05 15:32:39.2626 Info Registered target NLog.Targets.ConsoleTarget(Name=logconsole)
2023-01-05 15:32:39.2844 Info Validating config: TargetNames=logfile, logconsole, ConfigItems=25, FilePath=C:\Users\GamerVII\source\repos\Tasko-Backend\Tasko.Logger\NLog.config
2023-01-05 15:33:21.9876 Info Message Template Auto Format enabled
2023-01-05 15:33:22.0965 Info Registered target NLog.Targets.FileTarget(Name=logfile)
2023-01-05 15:33:22.0965 Info Registered target NLog.Targets.ConsoleTarget(Name=logconsole)
2023-01-05 15:33:22.1164 Info Validating config: TargetNames=logfile, logconsole, ConfigItems=25, FilePath=C:\Users\GamerVII\source\repos\Tasko-Backend\Tasko.Logger\NLog.config
2023-01-05 15:34:14.3144 Info Message Template Auto Format enabled
2023-01-05 15:34:14.4206 Info Registered target NLog.Targets.FileTarget(Name=logfile)
2023-01-05 15:34:14.4206 Info Registered target NLog.Targets.ConsoleTarget(Name=logconsole)
2023-01-05 15:34:14.4381 Info Validating config: TargetNames=logfile, logconsole, ConfigItems=25, FilePath=C:\Users\GamerVII\source\repos\Tasko-Backend\Tasko.Logger\NLog.config
2023-01-05 15:35:33.5158 Info Message Template Auto Format enabled
2023-01-05 15:35:33.6133 Info Registered target NLog.Targets.FileTarget(Name=logfile)
2023-01-05 15:35:33.6133 Info Registered target NLog.Targets.ConsoleTarget(Name=logconsole)
2023-01-05 15:35:33.6374 Info Validating config: TargetNames=logfile, logconsole, ConfigItems=25, FilePath=C:\Users\GamerVII\source\repos\Tasko-Backend\Tasko.Logger\NLog.config
2023-01-05 15:36:49.9808 Info Shutdown() called. Logger closing...
2023-01-05 15:36:49.9808 Info Closing old configuration.
2023-01-05 15:36:49.9808 Info Logger has been closed down.
2023-01-05 15:36:49.9808 Info AppDomain Shutting down. LogFactory closing...
2023-01-05 15:36:49.9943 Info LogFactory has been closed.
2023-01-05 15:37:05.1752 Info Message Template Auto Format enabled
2023-01-05 15:37:05.2719 Info Registered target NLog.Targets.FileTarget(Name=logfile)
2023-01-05 15:37:05.2719 Info Registered target NLog.Targets.ConsoleTarget(Name=logconsole)
2023-01-05 15:37:05.2903 Info Validating config: TargetNames=logfile, logconsole, ConfigItems=25, FilePath=C:\Users\GamerVII\source\repos\Tasko-Backend\Tasko.Logger\NLog.config
2023-01-05 16:08:15.3214 Info Message Template Auto Format enabled
2023-01-05 16:08:15.4195 Info Registered target NLog.Targets.FileTarget(Name=logfile)
2023-01-05 16:08:15.4195 Info Registered target NLog.Targets.ConsoleTarget(Name=logconsole)
2023-01-05 16:08:15.4366 Info Validating config: TargetNames=logfile, logconsole, ConfigItems=25, FilePath=C:\Users\GamerVII\source\repos\Tasko-Backend\Tasko.Logger\NLog.config
